[backblue.gif]
[fade.gif]
[index.html]
[ajax.googleapis.com/ajax/libs/jquery/3.5.1/jquery.min0899.js]
[inamen.xyz/wp-content/uploads/2021/07/googleplay-150x150.png]
[inamen.xyz/wp-content/uploads/2021/07/googleplay-300x300.png]
[inamen.xyz/wp-content/uploads/2021/07/google-play-logo.png]
[inamen.xyz/wp-content/uploads/elementor/thumbs/game4u-newlogo-r579yhy0vikbkxf0rv7fw5vayp0oqixm7fblyrs6w8.png]
[inamen.xyz/wp-content/uploads/elementor/thumbs/star-r1fvj8l8strvjxr6zv1ib27ftmbhrhcfhrlej2jppg.png]
[inamen.xyz/wp-content/uploads/elementor/thumbs/download-r1fvj8l8v0po40ao005fzicuuslv4rwnnojrqhqtsm.png]
[inamen.xyz/wp-content/uploads/elementor/thumbs/18-r1fvj8l91lj1s7x30fh90ut3ybgz8nlc5fevcrc5y8.png]
[inamen.xyz/wp-content/uploads/2025/05/game4u-01.png]
[inamen.xyz/wp-content/uploads/elementor/thumbs/game4u-01-r579vt4qz588i7sf7txosx2wb98gs4xn99ncy1ey84.png]
[inamen.xyz/wp-content/uploads/2025/05/game4u-02.png]
[inamen.xyz/wp-content/uploads/elementor/thumbs/game4u-02-r579vt4qz588i7sf7txosx2wb98gs4xn99ncy1ey84.png]
[inamen.xyz/wp-content/uploads/2025/05/game4u-03.png]
[inamen.xyz/wp-content/uploads/elementor/thumbs/game4u-03-r579vu2l5z9ittr22ccbdeucwn3tzu1dleaufbdk1w.png]
[inamen.xyz/wp-content/uploads/2025/05/game4u-04.png]
[inamen.xyz/wp-content/uploads/elementor/thumbs/game4u-04-r579vu2l5z9ittr22ccbdeucwn3tzu1dleaufbdk1w.png]
[inamen.xyz/wp-content/uploads/elementor/thumbs/game4u-01-r579vt4yksz51muyi2o6lc6jlbtc75kjfaa2epnr88.png]
[inamen.xyz/wp-content/uploads/elementor/thumbs/game4u-02-r579vt4yksz51muyi2o6lc6jlbtc75kjfaa2epnr88.png]
[inamen.xyz/wp-content/uploads/elementor/thumbs/game4u-03-r579vu2srn0fd8tlcl2t5ty06popeuo9rexjvzmd20.png]
[inamen.xyz/wp-content/uploads/elementor/thumbs/game4u-04-r579vu2srn0fd8tlcl2t5ty06popeuo9rexjvzmd20.png]
[inamen.xyz/wp-content/themes/twentytwentyone/assets/js/polyfillsd5f7.js]
[inamen.xyz/wp-content/themes/twentytwentyone/assets/js/responsive-embedsd5f7.js]
[inamen.xyz/wp-includes/js/jquery/jquery.minf43b.js]
[inamen.xyz/wp-includes/js/jquery/jquery-migrate.min5589.js]
[inamen.xyz/wp-includes/js/jquery/ui/effect.minb37e.js]
[inamen.xyz/wp-content/plugins/expand-maker/js/yrmMore2ba0.js]
[inamen.xyz/wp-content/plugins/expand-maker/js/YrmInline2ba0.js]
[inamen.xyz/wp-content/plugins/elementor-pro/assets/js/webpack-pro.runtime.min110d.js]
[inamen.xyz/wp-content/plugins/elementor/assets/js/webpack.runtime.minaad7.js]
[inamen.xyz/wp-content/plugins/elementor/assets/js/frontend-modules.minaad7.js]
[inamen.xyz/wp-includes/js/dist/hooks.min4fdd.js]
[inamen.xyz/wp-includes/js/dist/i18n.minc33c.js]
[inamen.xyz/wp-content/plugins/elementor-pro/assets/js/frontend.min110d.js]
[inamen.xyz/wp-content/plugins/elementor/assets/lib/waypoints/waypoints.min05da.js]
[inamen.xyz/wp-includes/js/jquery/ui/core.minb37e.js]
[inamen.xyz/wp-content/plugins/elementor/assets/js/frontend.minaad7.js]
[inamen.xyz/wp-content/plugins/elementor-pro/assets/js/elements-handlers.min110d.js]
[inamen.xyz/wp-includes/js/dist/vendor/wp-polyfill.min2c7c.js]
[inamen.xyz/wp-includes/js/dist/url.min16bb.js]
[inamen.xyz/wp-includes/js/dist/api-fetch.minc31c.js]
[inamen.xyz/wp-content/plugins/jet-reviews/assets/js/lib/vue.mina117.js]
[inamen.xyz/wp-content/plugins/jet-reviews/assets/js/jet-reviews-frontend605a.js]
[inamen.xyz/wp-content/plugins/jet-engine/assets/js/frontend42e1.js]
[inamen.xyz/game4u/index.html]
[inamen.xyz/wp-content/themes/twentytwentyone/assets/css/custom-color-overridesd5f7.css]
[inamen.xyz/wp-content/plugins/jet-engine/assets/css/frontend42e1.css]
[inamen.xyz/wp-content/themes/twentytwentyone/styled5f7.css]
[inamen.xyz/wp-content/themes/twentytwentyone/assets/css/printd5f7.css]
[inamen.xyz/wp-content/plugins/elementor/assets/lib/font-awesome/css/fontawesome.min52d5.css]
[inamen.xyz/wp-content/plugins/elementor/assets/lib/font-awesome/css/solid.min52d5.css]
[inamen.xyz/wp-content/plugins/elementor/assets/lib/font-awesome/css/regular.min52d5.css]
[inamen.xyz/wp-content/plugins/jet-reviews/assets/css/jet-reviews605a.css]
[inamen.xyz/wp-content/plugins/elementor/assets/lib/eicons/css/elementor-icons.min7bb8.css]
[inamen.xyz/wp-content/plugins/elementor/assets/css/frontend.minaad7.css]
[inamen.xyz/wp-content/plugins/elementor/assets/lib/swiper/css/swiper.min48f5.css]
[inamen.xyz/wp-content/uploads/elementor/css/post-106de4.css]
[inamen.xyz/wp-content/plugins/powerpack-lite-for-elementor/assets/css/min/frontend.min4537.css]
[inamen.xyz/wp-content/plugins/elementor-pro/assets/css/frontend.min110d.css]
[inamen.xyz/wp-content/uploads/elementor/css/global152d.css]
[inamen.xyz/wp-content/uploads/elementor/css/post-692385bd.css]
[inamen.xyz/wp-content/uploads/elementor/css/post-15152d.css]
[inamen.xyz/game4u/Trident/index.html]
[inamen.xyz/wp-content/plugins/expand-maker/css/readMoreStyles2ba0.css]
[inamen.xyz/wp-content/plugins/expand-maker/css/animate0899.css]
